Release 14.4 - xst P.49d (nt64)
Copyright (c) 1995-2012 Xilinx, Inc.  All rights reserved.
--> Parameter TMPDIR set to xst/projnav.tmp


Total REAL time to Xst completion: 0.00 secs
Total CPU time to Xst completion: 0.17 secs
 
--> Parameter xsthdpdir set to xst


Total REAL time to Xst completion: 0.00 secs
Total CPU time to Xst completion: 0.17 secs
 
--> Reading design: UnitCell.prj

TABLE OF CONTENTS
  1) Synthesis Options Summary
  2) HDL Parsing
  3) HDL Elaboration
  4) HDL Synthesis
       4.1) HDL Synthesis Report
  5) Advanced HDL Synthesis
       5.1) Advanced HDL Synthesis Report
  6) Low Level Synthesis
  7) Partition Report
  8) Design Summary
       8.1) Primitive and Black Box Usage
       8.2) Device utilization summary
       8.3) Partition Resource Summary
       8.4) Timing Report
            8.4.1) Clock Information
            8.4.2) Asynchronous Control Signals Information
            8.4.3) Timing Summary
            8.4.4) Timing Details
            8.4.5) Cross Clock Domains Report


=========================================================================
*                      Synthesis Options Summary                        *
=========================================================================
---- Source Parameters
Input File Name                    : "UnitCell.prj"
Ignore Synthesis Constraint File   : NO

---- Target Parameters
Output File Name                   : "UnitCell"
Output Format                      : NGC
Target Device                      : xc6slx16-3-csg324

---- Source Options
Top Module Name                    : UnitCell
Automatic FSM Extraction           : YES
FSM Encoding Algorithm             : Auto
Safe Implementation                : No
FSM Style                          : LUT
RAM Extraction                     : Yes
RAM Style                          : Auto
ROM Extraction                     : Yes
Shift Register Extraction          : YES
ROM Style                          : Auto
Resource Sharing                   : YES
Asynchronous To Synchronous        : NO
Shift Register Minimum Size        : 2
Use DSP Block                      : Auto
Automatic Register Balancing       : No

---- Target Options
LUT Combining                      : Auto
Reduce Control Sets                : Auto
Add IO Buffers                     : YES
Global Maximum Fanout              : 100000
Add Generic Clock Buffer(BUFG)     : 16
Register Duplication               : YES
Optimize Instantiated Primitives   : NO
Use Clock Enable                   : Auto
Use Synchronous Set                : Auto
Use Synchronous Reset              : Auto
Pack IO Registers into IOBs        : Auto
Equivalent register Removal        : YES

---- General Options
Optimization Goal                  : Speed
Optimization Effort                : 1
Power Reduction                    : NO
Keep Hierarchy                     : No
Netlist Hierarchy                  : As_Optimized
RTL Output                         : Yes
Global Optimization                : AllClockNets
Read Cores                         : YES
Write Timing Constraints           : NO
Cross Clock Analysis               : NO
Hierarchy Separator                : /
Bus Delimiter                      : <>
Case Specifier                     : Maintain
Slice Utilization Ratio            : 100
BRAM Utilization Ratio             : 100
DSP48 Utilization Ratio            : 100
Auto BRAM Packing                  : NO
Slice Utilization Ratio Delta      : 5

=========================================================================


=========================================================================
*                          HDL Parsing                                  *
=========================================================================
Parsing VHDL file "\\thayerfs.thayer.dartmouth.edu\f0019wr\Documents\Xilinx\FinalProject\small_mux.vhd" into library work
Parsing entity <small_mux>.
Parsing architecture <Behavioral> of entity <small_mux>.
Parsing VHDL file "\\thayerfs.thayer.dartmouth.edu\f0019wr\Documents\Xilinx\FinalProject\parallel_load_reg.vhd" into library work
Parsing entity <parallel_load_reg>.
Parsing architecture <Behavioral> of entity <parallel_load_reg>.
Parsing VHDL file "\\thayerfs.thayer.dartmouth.edu\f0019wr\Documents\Xilinx\FinalProject\generic_sub.vhd" into library work
Parsing entity <generic_sub>.
Parsing architecture <Behavioral> of entity <generic_sub>.
Parsing VHDL file "\\thayerfs.thayer.dartmouth.edu\f0019wr\Documents\Xilinx\FinalProject\FlipFlop.vhd" into library work
Parsing entity <FlipFlop>.
Parsing architecture <Behavioral> of entity <flipflop>.
Parsing VHDL file "\\thayerfs.thayer.dartmouth.edu\f0019wr\Documents\Xilinx\FinalProject\UnitCell.vhd" into library work
Parsing entity <UnitCell>.
Parsing architecture <Behavioral> of entity <unitcell>.

=========================================================================
*                            HDL Elaboration                            *
=========================================================================

Elaborating entity <UnitCell> (architecture <Behavioral>) from library <work>.

Elaborating entity <parallel_load_reg> (architecture <Behavioral>) with generics from library <work>.

Elaborating entity <generic_sub> (architecture <Behavioral>) with generics from library <work>.

Elaborating entity <small_mux> (architecture <Behavioral>) with generics from library <work>.

Elaborating entity <parallel_load_reg> (architecture <Behavioral>) with generics from library <work>.

Elaborating entity <FlipFlop> (architecture <Behavioral>) from library <work>.

=========================================================================
*                           HDL Synthesis                               *
=========================================================================

Synthesizing Unit <UnitCell>.
    Related source file is "\\thayerfs.thayer.dartmouth.edu\f0019wr\Documents\Xilinx\FinalProject\UnitCell.vhd".
INFO:Xst:3210 - "\\thayerfs.thayer.dartmouth.edu\f0019wr\Documents\Xilinx\FinalProject\UnitCell.vhd" line 224: Output port <not_data_out> of the instance <PathFlop> is unconnected or connected to loadless signal.
    Summary:
	inferred   4 Multiplexer(s).
Unit <UnitCell> synthesized.

Synthesizing Unit <parallel_load_reg_1>.
    Related source file is "\\thayerfs.thayer.dartmouth.edu\f0019wr\Documents\Xilinx\FinalProject\parallel_load_reg.vhd".
        bit_width = 8
    Found 8-bit register for signal <data>.
    Summary:
	inferred   8 D-type flip-flop(s).
Unit <parallel_load_reg_1> synthesized.

Synthesizing Unit <generic_sub>.
    Related source file is "\\thayerfs.thayer.dartmouth.edu\f0019wr\Documents\Xilinx\FinalProject\generic_sub.vhd".
        bit_width = 8
    Found 8-bit subtractor for signal <output> created at line 39.
    Summary:
	inferred   1 Adder/Subtractor(s).
Unit <generic_sub> synthesized.

Synthesizing Unit <small_mux>.
    Related source file is "\\thayerfs.thayer.dartmouth.edu\f0019wr\Documents\Xilinx\FinalProject\small_mux.vhd".
        bit_width = 8
    Summary:
	inferred   1 Multiplexer(s).
Unit <small_mux> synthesized.

Synthesizing Unit <parallel_load_reg_2>.
    Related source file is "\\thayerfs.thayer.dartmouth.edu\f0019wr\Documents\Xilinx\FinalProject\parallel_load_reg.vhd".
        bit_width = 2
    Found 2-bit register for signal <data>.
    Summary:
	inferred   2 D-type flip-flop(s).
Unit <parallel_load_reg_2> synthesized.

Synthesizing Unit <FlipFlop>.
    Related source file is "\\thayerfs.thayer.dartmouth.edu\f0019wr\Documents\Xilinx\FinalProject\FlipFlop.vhd".
    Found 1-bit register for signal <data>.
    Summary:
	inferred   1 D-type flip-flop(s).
Unit <FlipFlop> synthesized.

=========================================================================
HDL Synthesis Report

Macro Statistics
# Adders/Subtractors                                   : 1
 8-bit subtractor                                      : 1
# Registers                                            : 5
 1-bit register                                        : 2
 2-bit register                                        : 1
 8-bit register                                        : 2
# Multiplexers                                         : 5
 1-bit 2-to-1 multiplexer                              : 1
 2-bit 2-to-1 multiplexer                              : 3
 8-bit 2-to-1 multiplexer                              : 1

=========================================================================

=========================================================================
*                       Advanced HDL Synthesis                          *
=========================================================================


=========================================================================
Advanced HDL Synthesis Report

Macro Statistics
# Adders/Subtractors                                   : 1
 8-bit subtractor                                      : 1
# Registers                                            : 20
 Flip-Flops                                            : 20
# Multiplexers                                         : 5
 1-bit 2-to-1 multiplexer                              : 1
 2-bit 2-to-1 multiplexer                              : 3
 8-bit 2-to-1 multiplexer                              : 1

=========================================================================

=========================================================================
*                         Low Level Synthesis                           *
=========================================================================

Optimizing unit <parallel_load_reg_1> ...

Optimizing unit <UnitCell> ...

Mapping all equations...
Building and optimizing final netlist ...
Found area constraint ratio of 100 (+ 5) on block UnitCell, actual ratio is 0.

Final Macro Processing ...

=========================================================================
Final Register Report

Macro Statistics
# Registers                                            : 20
 Flip-Flops                                            : 20

=========================================================================

=========================================================================
*                           Partition Report                            *
=========================================================================

Partition Implementation Status
-------------------------------

  No Partitions were found in this design.

-------------------------------

=========================================================================
*                            Design Summary                             *
=========================================================================

Top Level Output File Name         : UnitCell.ngc

Primitive and Black Box Usage:
------------------------------
# BELS                             : 23
#      INV                         : 1
#      LUT2                        : 1
#      LUT3                        : 2
#      LUT4                        : 3
#      LUT5                        : 10
#      LUT6                        : 5
#      VCC                         : 1
# FlipFlops/Latches                : 20
#      FD                          : 1
#      FDR                         : 11
#      FDRE                        : 8
# Clock Buffers                    : 2
#      BUFGP                       : 2
# IO Buffers                       : 29
#      IBUF                        : 17
#      OBUF                        : 12

Device utilization summary:
---------------------------

Selected Device : 6slx16csg324-3 


Slice Logic Utilization: 
 Number of Slice Registers:              20  out of  18224     0%  
 Number of Slice LUTs:                   22  out of   9112     0%  
    Number used as Logic:                22  out of   9112     0%  

Slice Logic Distribution: 
 Number of LUT Flip Flop pairs used:     22
   Number with an unused Flip Flop:       2  out of     22     9%  
   Number with an unused LUT:             0  out of     22     0%  
   Number of fully used LUT-FF pairs:    20  out of     22    90%  
   Number of unique control sets:         4

IO Utilization: 
 Number of IOs:                          31
 Number of bonded IOBs:                  31  out of    232    13%  

Specific Feature Utilization:
 Number of BUFG/BUFGCTRLs:                2  out of     16    12%  

---------------------------
Partition Resource Summary:
---------------------------

  No Partitions were found in this design.

---------------------------


=========================================================================
Timing Report

NOTE: THESE TIMING NUMBERS ARE ONLY A SYNTHESIS ESTIMATE.
      FOR ACCURATE TIMING INFORMATION PLEASE REFER TO THE TRACE REPORT
      GENERATED AFTER PLACE-and-ROUTE.

Clock Information:
------------------
-----------------------------------+------------------------+-------+
Clock Signal                       | Clock buffer(FF name)  | Load  |
-----------------------------------+------------------------+-------+
slow_clk                           | BUFGP                  | 8     |
clk                                | BUFGP                  | 12    |
-----------------------------------+------------------------+-------+

Asynchronous Control Signals Information:
----------------------------------------
No asynchronous control signals found in this design

Timing Summary:
---------------
Speed Grade: -3

   Minimum period: 1.686ns (Maximum Frequency: 593.208MHz)
   Minimum input arrival time before clock: 2.656ns
   Maximum output required time after clock: 5.733ns
   Maximum combinational path delay: No path found

Timing Details:
---------------
All values displayed in nanoseconds (ns)

=========================================================================
Timing constraint: Default period analysis for Clock 'clk'
  Clock period: 1.686ns (frequency: 593.208MHz)
  Total number of paths / destination ports: 22 / 12
-------------------------------------------------------------------------
Delay:               1.686ns (Levels of Logic = 1)
  Source:            DelayReg/data_0 (FF)
  Destination:       DelayReg/data_0 (FF)
  Source Clock:      clk rising
  Destination Clock: clk rising

  Data Path: DelayReg/data_0 to DelayReg/data_0
                                Gate     Net
    Cell:in->out      fanout   Delay   Delay  Logical Name (Net Name)
    ----------------------------------------  ------------
     FDR:C->Q              9   0.447   0.934  DelayReg/data_0 (DelayReg/data_0)
     LUT5:I3->O            1   0.203   0.000  DelayReg/data_0_rstpot (DelayReg/data_0_rstpot)
     FDR:D                     0.102          DelayReg/data_0
    ----------------------------------------
    Total                      1.686ns (0.752ns logic, 0.934ns route)
                                       (44.6% logic, 55.4% route)

=========================================================================
Timing constraint: Default OFFSET IN BEFORE for Clock 'slow_clk'
  Total number of paths / destination ports: 8 / 8
-------------------------------------------------------------------------
Offset:              2.656ns (Levels of Logic = 1)
  Source:            stop (PAD)
  Destination:       DecrementReg/data_7 (FF)
  Destination Clock: slow_clk rising

  Data Path: stop to DecrementReg/data_7
                                Gate     Net
    Cell:in->out      fanout   Delay   Delay  Logical Name (Net Name)
    ----------------------------------------  ------------
     IBUF:I->O            16   1.222   1.004  stop_IBUF (stop_IBUF)
     FDRE:R                    0.430          DecrementReg/data_0
    ----------------------------------------
    Total                      2.656ns (1.652ns logic, 1.004ns route)
                                       (62.2% logic, 37.8% route)

=========================================================================
Timing constraint: Default OFFSET IN BEFORE for Clock 'clk'
  Total number of paths / destination ports: 42 / 23
-------------------------------------------------------------------------
Offset:              2.656ns (Levels of Logic = 1)
  Source:            stop (PAD)
  Destination:       DelayReg/data_7 (FF)
  Destination Clock: clk rising

  Data Path: stop to DelayReg/data_7
                                Gate     Net
    Cell:in->out      fanout   Delay   Delay  Logical Name (Net Name)
    ----------------------------------------  ------------
     IBUF:I->O            16   1.222   1.004  stop_IBUF (stop_IBUF)
     FDR:R                     0.430          DelayReg/data_7
    ----------------------------------------
    Total                      2.656ns (1.652ns logic, 1.004ns route)
                                       (62.2% logic, 37.8% route)

=========================================================================
Timing constraint: Default OFFSET OUT AFTER for Clock 'clk'
  Total number of paths / destination ports: 20 / 12
-------------------------------------------------------------------------
Offset:              5.733ns (Levels of Logic = 3)
  Source:            DelayReg/data_0 (FF)
  Destination:       activate_adj (PAD)
  Source Clock:      clk rising

  Data Path: DelayReg/data_0 to activate_adj
                                Gate     Net
    Cell:in->out      fanout   Delay   Delay  Logical Name (Net Name)
    ----------------------------------------  ------------
     FDR:C->Q              9   0.447   1.077  DelayReg/data_0 (DelayReg/data_0)
     LUT4:I0->O            3   0.203   0.651  activate_adj21 (activate_adj_bdd2)
     LUT6:I5->O            1   0.205   0.579  activate_adj1 (activate_adj_OBUF)
     OBUF:I->O                 2.571          activate_adj_OBUF (activate_adj)
    ----------------------------------------
    Total                      5.733ns (3.426ns logic, 2.307ns route)
                                       (59.8% logic, 40.2% route)

=========================================================================

Cross Clock Domains Report:
--------------------------

Clock to Setup on destination clock clk
---------------+---------+---------+---------+---------+
               | Src:Rise| Src:Fall| Src:Rise| Src:Fall|
Source Clock   |Dest:Rise|Dest:Rise|Dest:Fall|Dest:Fall|
---------------+---------+---------+---------+---------+
clk            |    1.686|         |         |         |
slow_clk       |    1.579|         |         |         |
---------------+---------+---------+---------+---------+

Clock to Setup on destination clock slow_clk
---------------+---------+---------+---------+---------+
               | Src:Rise| Src:Fall| Src:Rise| Src:Fall|
Source Clock   |Dest:Rise|Dest:Rise|Dest:Fall|Dest:Fall|
---------------+---------+---------+---------+---------+
clk            |    2.685|         |         |         |
---------------+---------+---------+---------+---------+

=========================================================================


Total REAL time to Xst completion: 10.00 secs
Total CPU time to Xst completion: 9.46 secs
 
--> 

Total memory usage is 261148 kilobytes

Number of errors   :    0 (   0 filtered)
Number of warnings :    0 (   0 filtered)
Number of infos    :    1 (   0 filtered)

