ISim log file
Running: O:\Documents\Xilinx\FinalProject\grid_tb_isim_beh.exe -intstyle ise -gui -tclbatch isim.cmd -wdb O:/Documents/Xilinx/FinalProject/grid_tb_isim_beh.wdb 
ISim P.49d (signature 0x7708f090)
----------------------------------------------------------------------
INFO:Security:50 - The XILINXD_LICENSE_FILE environment variable is set to '2100@dmv.thayer.dartmouth.edu'.
INFO:Security:53 - The LM_LICENSE_FILE environment variable is not set.
WARNING:Security:43 - No license file was found in the standard Xilinx license directory.
WARNING:Security:44 - Since no license file was found,
       please run the Xilinx License Configuration Manager
       (xlcm or "Manage Xilinx Licenses")
       to assist in obtaining a license.
WARNING:Security:42 - Your license support version '2014.05' for ISIM expires in 5 days after which you will not qualify for Xilinx software updates or new releases.


----------------------------------------------------------------------
This is a Full version of ISim.
Time resolution is 1 ps
# onerror resume
# wave add /
# run 1000 ns
Simulator is doing circuit initialization process.
at 0 ps, Instance /grid_tb/uut/location_muxer/ : Warning: NUMERIC_STD.TO_INTEGER: metavalue detected, returning 0
at 0 ps, Instance /grid_tb/uut/done_muxer/ : Warning: NUMERIC_STD.TO_INTEGER: metavalue detected, returning 0
at 0 ps, Instance /grid_tb/uut/bit_update_mux/ : Warning: NUMERIC_STD.TO_INTEGER: metavalue detected, returning 0
at 0 ps, Instance /grid_tb/uut/header_compare/ : Warning: NUMERIC_STD."=": metavalue detected, returning FALSE
at 0 ps, Instance /grid_tb/uut/trace_checker/ : Warning: NUMERIC_STD."=": metavalue detected, returning FALSE
at 0 ps, Instance /grid_tb/uut/start_checker/ : Warning: NUMERIC_STD."=": metavalue detected, returning FALSE
at 0 ps, Instance /grid_tb/uut/stop_checker/ : Warning: NUMERIC_STD."=": metavalue detected, returning FALSE
Finished circuit initialization process.
at 0 ps, Instance /grid_tb/uut/bit_update_mux/ : Warning: NUMERIC_STD.TO_INTEGER: metavalue detected, returning 0
# restart
# run 1.00us
Simulator is doing circuit initialization process.
at 0 ps, Instance /grid_tb/uut/location_muxer/ : Warning: NUMERIC_STD.TO_INTEGER: metavalue detected, returning 0
at 0 ps, Instance /grid_tb/uut/done_muxer/ : Warning: NUMERIC_STD.TO_INTEGER: metavalue detected, returning 0
at 0 ps, Instance /grid_tb/uut/bit_update_mux/ : Warning: NUMERIC_STD.TO_INTEGER: metavalue detected, returning 0
at 0 ps, Instance /grid_tb/uut/header_compare/ : Warning: NUMERIC_STD."=": metavalue detected, returning FALSE
at 0 ps, Instance /grid_tb/uut/trace_checker/ : Warning: NUMERIC_STD."=": metavalue detected, returning FALSE
at 0 ps, Instance /grid_tb/uut/start_checker/ : Warning: NUMERIC_STD."=": metavalue detected, returning FALSE
at 0 ps, Instance /grid_tb/uut/stop_checker/ : Warning: NUMERIC_STD."=": metavalue detected, returning FALSE
Finished circuit initialization process.
at 0 ps, Instance /grid_tb/uut/bit_update_mux/ : Warning: NUMERIC_STD.TO_INTEGER: metavalue detected, returning 0
# restart
# run 1.00us
Simulator is doing circuit initialization process.
at 0 ps, Instance /grid_tb/uut/location_muxer/ : Warning: NUMERIC_STD.TO_INTEGER: metavalue detected, returning 0
at 0 ps, Instance /grid_tb/uut/done_muxer/ : Warning: NUMERIC_STD.TO_INTEGER: metavalue detected, returning 0
at 0 ps, Instance /grid_tb/uut/bit_update_mux/ : Warning: NUMERIC_STD.TO_INTEGER: metavalue detected, returning 0
at 0 ps, Instance /grid_tb/uut/header_compare/ : Warning: NUMERIC_STD."=": metavalue detected, returning FALSE
at 0 ps, Instance /grid_tb/uut/trace_checker/ : Warning: NUMERIC_STD."=": metavalue detected, returning FALSE
at 0 ps, Instance /grid_tb/uut/start_checker/ : Warning: NUMERIC_STD."=": metavalue detected, returning FALSE
at 0 ps, Instance /grid_tb/uut/stop_checker/ : Warning: NUMERIC_STD."=": metavalue detected, returning FALSE
Finished circuit initialization process.
at 0 ps, Instance /grid_tb/uut/bit_update_mux/ : Warning: NUMERIC_STD.TO_INTEGER: metavalue detected, returning 0
# restart
# run 1.00us
Simulator is doing circuit initialization process.
at 0 ps, Instance /grid_tb/uut/location_muxer/ : Warning: NUMERIC_STD.TO_INTEGER: metavalue detected, returning 0
at 0 ps, Instance /grid_tb/uut/done_muxer/ : Warning: NUMERIC_STD.TO_INTEGER: metavalue detected, returning 0
at 0 ps, Instance /grid_tb/uut/bit_update_mux/ : Warning: NUMERIC_STD.TO_INTEGER: metavalue detected, returning 0
at 0 ps, Instance /grid_tb/uut/header_compare/ : Warning: NUMERIC_STD."=": metavalue detected, returning FALSE
at 0 ps, Instance /grid_tb/uut/trace_checker/ : Warning: NUMERIC_STD."=": metavalue detected, returning FALSE
at 0 ps, Instance /grid_tb/uut/start_checker/ : Warning: NUMERIC_STD."=": metavalue detected, returning FALSE
at 0 ps, Instance /grid_tb/uut/stop_checker/ : Warning: NUMERIC_STD."=": metavalue detected, returning FALSE
Finished circuit initialization process.
at 0 ps, Instance /grid_tb/uut/bit_update_mux/ : Warning: NUMERIC_STD.TO_INTEGER: metavalue detected, returning 0
# restart
# run 1.00us
Simulator is doing circuit initialization process.
at 0 ps, Instance /grid_tb/uut/location_muxer/ : Warning: NUMERIC_STD.TO_INTEGER: metavalue detected, returning 0
at 0 ps, Instance /grid_tb/uut/done_muxer/ : Warning: NUMERIC_STD.TO_INTEGER: metavalue detected, returning 0
at 0 ps, Instance /grid_tb/uut/bit_update_mux/ : Warning: NUMERIC_STD.TO_INTEGER: metavalue detected, returning 0
at 0 ps, Instance /grid_tb/uut/header_compare/ : Warning: NUMERIC_STD."=": metavalue detected, returning FALSE
at 0 ps, Instance /grid_tb/uut/trace_checker/ : Warning: NUMERIC_STD."=": metavalue detected, returning FALSE
at 0 ps, Instance /grid_tb/uut/start_checker/ : Warning: NUMERIC_STD."=": metavalue detected, returning FALSE
at 0 ps, Instance /grid_tb/uut/stop_checker/ : Warning: NUMERIC_STD."=": metavalue detected, returning FALSE
Finished circuit initialization process.
at 0 ps, Instance /grid_tb/uut/bit_update_mux/ : Warning: NUMERIC_STD.TO_INTEGER: metavalue detected, returning 0
# restart
# run 1.00us
Simulator is doing circuit initialization process.
at 0 ps, Instance /grid_tb/uut/location_muxer/ : Warning: NUMERIC_STD.TO_INTEGER: metavalue detected, returning 0
at 0 ps, Instance /grid_tb/uut/done_muxer/ : Warning: NUMERIC_STD.TO_INTEGER: metavalue detected, returning 0
at 0 ps, Instance /grid_tb/uut/bit_update_mux/ : Warning: NUMERIC_STD.TO_INTEGER: metavalue detected, returning 0
at 0 ps, Instance /grid_tb/uut/header_compare/ : Warning: NUMERIC_STD."=": metavalue detected, returning FALSE
at 0 ps, Instance /grid_tb/uut/trace_checker/ : Warning: NUMERIC_STD."=": metavalue detected, returning FALSE
at 0 ps, Instance /grid_tb/uut/start_checker/ : Warning: NUMERIC_STD."=": metavalue detected, returning FALSE
at 0 ps, Instance /grid_tb/uut/stop_checker/ : Warning: NUMERIC_STD."=": metavalue detected, returning FALSE
Finished circuit initialization process.
at 0 ps, Instance /grid_tb/uut/bit_update_mux/ : Warning: NUMERIC_STD.TO_INTEGER: metavalue detected, returning 0
# restart
# run 1.00us
Simulator is doing circuit initialization process.
at 0 ps, Instance /grid_tb/uut/location_muxer/ : Warning: NUMERIC_STD.TO_INTEGER: metavalue detected, returning 0
at 0 ps, Instance /grid_tb/uut/done_muxer/ : Warning: NUMERIC_STD.TO_INTEGER: metavalue detected, returning 0
at 0 ps, Instance /grid_tb/uut/bit_update_mux/ : Warning: NUMERIC_STD.TO_INTEGER: metavalue detected, returning 0
at 0 ps, Instance /grid_tb/uut/header_compare/ : Warning: NUMERIC_STD."=": metavalue detected, returning FALSE
at 0 ps, Instance /grid_tb/uut/trace_checker/ : Warning: NUMERIC_STD."=": metavalue detected, returning FALSE
at 0 ps, Instance /grid_tb/uut/start_checker/ : Warning: NUMERIC_STD."=": metavalue detected, returning FALSE
at 0 ps, Instance /grid_tb/uut/stop_checker/ : Warning: NUMERIC_STD."=": metavalue detected, returning FALSE
Finished circuit initialization process.
at 0 ps, Instance /grid_tb/uut/bit_update_mux/ : Warning: NUMERIC_STD.TO_INTEGER: metavalue detected, returning 0
# restart
# run 1.00us
Simulator is doing circuit initialization process.
at 0 ps, Instance /grid_tb/uut/location_muxer/ : Warning: NUMERIC_STD.TO_INTEGER: metavalue detected, returning 0
at 0 ps, Instance /grid_tb/uut/done_muxer/ : Warning: NUMERIC_STD.TO_INTEGER: metavalue detected, returning 0
at 0 ps, Instance /grid_tb/uut/bit_update_mux/ : Warning: NUMERIC_STD.TO_INTEGER: metavalue detected, returning 0
at 0 ps, Instance /grid_tb/uut/header_compare/ : Warning: NUMERIC_STD."=": metavalue detected, returning FALSE
at 0 ps, Instance /grid_tb/uut/trace_checker/ : Warning: NUMERIC_STD."=": metavalue detected, returning FALSE
at 0 ps, Instance /grid_tb/uut/start_checker/ : Warning: NUMERIC_STD."=": metavalue detected, returning FALSE
at 0 ps, Instance /grid_tb/uut/stop_checker/ : Warning: NUMERIC_STD."=": metavalue detected, returning FALSE
Finished circuit initialization process.
at 0 ps, Instance /grid_tb/uut/bit_update_mux/ : Warning: NUMERIC_STD.TO_INTEGER: metavalue detected, returning 0
# restart
# run 1.00us
Simulator is doing circuit initialization process.
at 0 ps, Instance /grid_tb/uut/location_muxer/ : Warning: NUMERIC_STD.TO_INTEGER: metavalue detected, returning 0
at 0 ps, Instance /grid_tb/uut/done_muxer/ : Warning: NUMERIC_STD.TO_INTEGER: metavalue detected, returning 0
at 0 ps, Instance /grid_tb/uut/bit_update_mux/ : Warning: NUMERIC_STD.TO_INTEGER: metavalue detected, returning 0
at 0 ps, Instance /grid_tb/uut/header_compare/ : Warning: NUMERIC_STD."=": metavalue detected, returning FALSE
at 0 ps, Instance /grid_tb/uut/trace_checker/ : Warning: NUMERIC_STD."=": metavalue detected, returning FALSE
at 0 ps, Instance /grid_tb/uut/start_checker/ : Warning: NUMERIC_STD."=": metavalue detected, returning FALSE
at 0 ps, Instance /grid_tb/uut/stop_checker/ : Warning: NUMERIC_STD."=": metavalue detected, returning FALSE
Finished circuit initialization process.
at 0 ps, Instance /grid_tb/uut/bit_update_mux/ : Warning: NUMERIC_STD.TO_INTEGER: metavalue detected, returning 0
# restart
# run 1.00us
Simulator is doing circuit initialization process.
at 0 ps, Instance /grid_tb/uut/location_muxer/ : Warning: NUMERIC_STD.TO_INTEGER: metavalue detected, returning 0
at 0 ps, Instance /grid_tb/uut/done_muxer/ : Warning: NUMERIC_STD.TO_INTEGER: metavalue detected, returning 0
at 0 ps, Instance /grid_tb/uut/bit_update_mux/ : Warning: NUMERIC_STD.TO_INTEGER: metavalue detected, returning 0
at 0 ps, Instance /grid_tb/uut/header_compare/ : Warning: NUMERIC_STD."=": metavalue detected, returning FALSE
at 0 ps, Instance /grid_tb/uut/trace_checker/ : Warning: NUMERIC_STD."=": metavalue detected, returning FALSE
at 0 ps, Instance /grid_tb/uut/start_checker/ : Warning: NUMERIC_STD."=": metavalue detected, returning FALSE
at 0 ps, Instance /grid_tb/uut/stop_checker/ : Warning: NUMERIC_STD."=": metavalue detected, returning FALSE
Finished circuit initialization process.
at 0 ps, Instance /grid_tb/uut/bit_update_mux/ : Warning: NUMERIC_STD.TO_INTEGER: metavalue detected, returning 0
ISim P.49d (signature 0x7708f090)
----------------------------------------------------------------------
INFO:Security:50 - The XILINXD_LICENSE_FILE environment variable is set to '2100@dmv.thayer.dartmouth.edu'.
INFO:Security:53 - The LM_LICENSE_FILE environment variable is not set.
WARNING:Security:43 - No license file was found in the standard Xilinx license directory.
WARNING:Security:44 - Since no license file was found,
       please run the Xilinx License Configuration Manager
       (xlcm or "Manage Xilinx Licenses")
       to assist in obtaining a license.
WARNING:Security:42 - Your license support version '2014.05' for ISIM expires in 5 days after which you will not qualify for Xilinx software updates or new releases.


----------------------------------------------------------------------
This is a Full version of ISim.
# run 1000 ns
Simulator is doing circuit initialization process.
at 0 ps, Instance /grid_tb/uut/location_muxer/ : Warning: NUMERIC_STD.TO_INTEGER: metavalue detected, returning 0
at 0 ps, Instance /grid_tb/uut/done_muxer/ : Warning: NUMERIC_STD.TO_INTEGER: metavalue detected, returning 0
at 0 ps, Instance /grid_tb/uut/bit_update_mux/ : Warning: NUMERIC_STD.TO_INTEGER: metavalue detected, returning 0
at 0 ps, Instance /grid_tb/uut/header_compare/ : Warning: NUMERIC_STD."=": metavalue detected, returning FALSE
at 0 ps, Instance /grid_tb/uut/trace_checker/ : Warning: NUMERIC_STD."=": metavalue detected, returning FALSE
at 0 ps, Instance /grid_tb/uut/start_checker/ : Warning: NUMERIC_STD."=": metavalue detected, returning FALSE
at 0 ps, Instance /grid_tb/uut/stop_checker/ : Warning: NUMERIC_STD."=": metavalue detected, returning FALSE
Finished circuit initialization process.
at 0 ps, Instance /grid_tb/uut/bit_update_mux/ : Warning: NUMERIC_STD.TO_INTEGER: metavalue detected, returning 0
